<?xml version="1.0" encoding="UTF-8"?>
<testsuite xmlns:xsi="http://www.w3.org/2001/XMLSchema-instance" xsi:noNamespaceSchemaLocation="https://maven.apache.org/surefire/maven-surefire-plugin/xsd/surefire-test-report-3.0.xsd" version="3.0" name="com.guessing.GuessingGameTest" time="0.062" tests="4" errors="0" skipped="0" failures="0">
  <properties>
[...]
</properties>
  <testcase name="testWrongNegGuessSituation" classname="com.guessing.GuessingGameTest" time="0.029"/>
  <testcase name="testSimpleWinSituation" classname="com.guessing.GuessingGameTest" time="0.002"/>
  <testcase name="testWrongPosGuessSituation" classname="com.guessing.GuessingGameTest" time="0.003"/>
  <testcase name="testRandomNumberGeneration" classname="com.guessing.GuessingGameTest" time="0.002">
    <system-err><![CDATA[8
]]></system-err>
  </testcase>
</testsuite>